<?xml version="1.0" encoding="UTF-8"?>
<!-- Generated by org.testng.reporters.JUnitReportReporter -->
<testsuite hostname="QA_Sumit_Patil" failures="0" tests="2" name="testClass.usermanagement" time="118.123" errors="0" timestamp="2022-11-18T15:47:36 IST" skipped="0">
  <testcase classname="testClass.usermanagement" name="verifyUserManagementTab" time="64.437"/>
  <system-out/>
  <testcase classname="testClass.usermanagement" name="verifyAddNewSubUserTab" time="53.686"/>
  <system-out/>
</testsuite> <!-- testClass.usermanagement -->
